<?xml version="1.0" encoding="UTF-8"?>
<!-- Generated by org.testng.reporters.JUnitReportReporter -->
<testsuite skipped="2" hostname="saidinesh-mbp" name="com.avaamo.Titlevalidation" tests="2" failures="0" timestamp="26 Jul 2020 09:26:40 GMT" time="0.000" errors="0">
  <testcase name="verifyTitle" time="0.000" classname="com.avaamo.Titlevalidation">
    <skipped/>
  </testcase> <!-- verifyTitle -->
  <testcase name="Testagentpopup" time="0.000" classname="com.avaamo.Titlevalidation">
    <skipped/>
  </testcase> <!-- Testagentpopup -->
</testsuite> <!-- com.avaamo.Titlevalidation -->
