<?xml version="1.0" encoding="UTF-8"?>
<!-- Generated by org.testng.reporters.JUnitReportReporter -->
<testsuite skipped="3" hostname="saidinesh-mbp" name="com.avaamo.Menuoptions" tests="3" failures="0" timestamp="26 Jul 2020 09:26:40 GMT" time="0.000" errors="0">
  <testcase name="Testagentpopup" time="0.000" classname="com.avaamo.Menuoptions">
    <skipped/>
  </testcase> <!-- Testagentpopup -->
  <testcase name="verifyTestBot" time="0.000" classname="com.avaamo.Menuoptions">
    <skipped/>
  </testcase> <!-- verifyTestBot -->
  <testcase name="verifyNewTest" time="0.000" classname="com.avaamo.Menuoptions">
    <skipped/>
  </testcase> <!-- verifyNewTest -->
</testsuite> <!-- com.avaamo.Menuoptions -->
